<?xml version="1.0" encoding="UTF-8"?>
<!-- Generated by org.testng.reporters.JUnitXMLReporter -->
<testsuite ignored="0" hostname="LAPTOP-JF75M5NU" failures="0" tests="3" name="bankingTest" time="31.205" errors="0" timestamp="2023-10-25T15:45:10 IST">
  <testcase classname="com.iNetBanking.testCases.TC_logInTest_001" name="logInTest" time="1.868"/>
  <testcase classname="com.iNetBanking.testCases.TC_addCustomerTest_003" name="logInPage" time="1.946"/>
  <testcase classname="com.iNetBanking.testCases.TC_addCustomerTest_003" name="addNewCustomer" time="9.845"/>
</testsuite> <!-- bankingTest -->
