<?xml version="1.0" encoding="UTF-8"?>
<testsuite xmlns:xsi="http://www.w3.org/2001/XMLSchema-instance" xsi:noNamespaceSchemaLocation="https://maven.apache.org/surefire/maven-surefire-plugin/xsd/surefire-test-report-3.0.xsd" version="3.0" name="TestSuite" time="32.433" tests="3" errors="0" skipped="0" failures="0">
  <properties>
[...]
</properties>
  <testcase name="logInTest" classname="com.iNetBanking.testCases.TC_logInTest_001" time="1.887">
    <system-out><![CDATA[10-25-2023 15:44:46 TC_logInTest_001.java INFO  [main] eBanking 15 - URL is opened
10-25-2023 15:44:47 TC_logInTest_001.java INFO  [main] eBanking 18 - Entered UserName
10-25-2023 15:44:47 TC_logInTest_001.java INFO  [main] eBanking 20 - Entered Password
10-25-2023 15:44:48 TC_logInTest_001.java INFO  [main] eBanking 22 - Clicked on Submit
10-25-2023 15:44:48 TC_logInTest_001.java INFO  [main] eBanking 25 - Login successfull
]]></system-out>
    <system-err><![CDATA[SLF4J: Failed to load class "org.slf4j.impl.StaticLoggerBinder".
SLF4J: Defaulting to no-operation (NOP) logger implementation
SLF4J: See http://www.slf4j.org/codes.html#StaticLoggerBinder for further details.
Starting Microsoft Edge WebDriver 118.0.2088.46 (175bd6acfc465368ac94f3eaef282fbbc53f9b96) on port 12824
To submit feedback, report a bug, or suggest new features, please visit https://github.com/MicrosoftEdge/EdgeWebDriver

Only local connections are allowed.
Please see https://aka.ms/WebDriverSecurity for suggestions on keeping Microsoft Edge WebDriver safe.

Microsoft Edge WebDriver was started successfully.
Oct 25, 2023 3:44:41 PM org.openqa.selenium.remote.ProtocolHandshake createSession
INFO: Detected dialect: W3C
]]></system-err>
  </testcase>
  <testcase name="logInPage" classname="com.iNetBanking.testCases.TC_addCustomerTest_003" time="1.945">
    <system-err><![CDATA[Starting Microsoft Edge WebDriver 118.0.2088.46 (175bd6acfc465368ac94f3eaef282fbbc53f9b96) on port 19048
To submit feedback, report a bug, or suggest new features, please visit https://github.com/MicrosoftEdge/EdgeWebDriver

Only local connections are allowed.
Please see https://aka.ms/WebDriverSecurity for suggestions on keeping Microsoft Edge WebDriver safe.

Microsoft Edge WebDriver was started successfully.
Oct 25, 2023 3:44:49 PM org.openqa.selenium.remote.ProtocolHandshake createSession
INFO: Detected dialect: W3C
]]></system-err>
  </testcase>
  <testcase name="addNewCustomer" classname="com.iNetBanking.testCases.TC_addCustomerTest_003" time="9.852"/>
</testsuite>